<?xml version="1.0" encoding="UTF-8"?>
<testsuite xmlns:xsi="http://www.w3.org/2001/XMLSchema-instance" xsi:noNamespaceSchemaLocation="https://maven.apache.org/surefire/maven-surefire-plugin/xsd/surefire-test-report.xsd" name="com.epam.rd.autotasks.LazyFactorialTestingsTest" time="0.002" tests="4" errors="0" skipped="0" failures="0">
  <properties>
[...]
</properties>
  <testcase name="testRegularInputTesting" classname="com.epam.rd.autotasks.LazyFactorialTestingsTest" time="0"/>
  <testcase name="testBadInputTesting" classname="com.epam.rd.autotasks.LazyFactorialTestingsTest" time="0"/>
  <testcase name="testCsvParametrizedTesting" classname="com.epam.rd.autotasks.LazyFactorialTestingsTest" time="0"/>
  <testcase name="testMethodSourceParametrizedTesting" classname="com.epam.rd.autotasks.LazyFactorialTestingsTest" time="0"/>
</testsuite>